# JRE version: OpenJDK Runtime Environment Temurin-17.0.16+8 (17.0.16+8) (build 17.0.16+8)
# Java VM: OpenJDK 64-Bit Server VM Temurin-17.0.16+8 (17.0.16+8, mixed mode, sharing, tiered, compressed oops, compressed class ptrs, g1 gc, windows-amd64)
GC Precious Log:
 CPUs: 4 total, 4 available
 Memory: 12157M
 Large Page Support: Disabled
 NUMA Support: Disabled
 Compressed Oops: Enabled (Zero based)
 Heap Region Size: 2M
 Heap Min Capacity: 8M
 Heap Initial Capacity: 190M
 Heap Max Capacity: 3040M
 Pre-touch: Disabled
 Parallel Workers: 4
 Concurrent Workers: 1
 Concurrent Refinement Workers: 4
 Periodic GC: Disabled
Heap:
 garbage-first heap   total 75776K, used 41339K [0x0000000742000000, 0x0000000800000000)
  region size 2048K, 7 young (14336K), 2 survivors (4096K)
 Metaspace       used 69132K, committed 69760K, reserved 1114112K
  class space    used 9528K, committed 9856K, reserved 1048576K
GC Heap History (20 events):
Event: 6.930 GC heap before
{Heap before GC invocations=7 (full 0):
 garbage-first heap   total 71680K, used 46260K [0x0000000742000000, 0x0000000800000000)
  region size 2048K, 16 young (32768K), 3 survivors (6144K)
 Metaspace       used 32877K, committed 33344K, reserved 1114112K
  class space    used 4126K, committed 4352K, reserved 1048576K
}
Event: 6.938 GC heap after
{Heap after GC invocations=8 (full 0):
 garbage-first heap   total 71680K, used 23799K [0x0000000742000000, 0x0000000800000000)
  region size 2048K, 1 young (2048K), 1 survivors (2048K)
 Metaspace       used 32877K, committed 33344K, reserved 1114112K
  class space    used 4126K, committed 4352K, reserved 1048576K
}
Event: 7.236 GC heap before
{Heap before GC invocations=8 (full 0):
 garbage-first heap   total 71680K, used 31991K [0x0000000742000000, 0x0000000800000000)
  region size 2048K, 6 young (12288K), 1 survivors (2048K)
 Metaspace       used 35529K, committed 35968K, reserved 1114112K
  class space    used 4468K, committed 4672K, reserved 1048576K
}
Event: 7.240 GC heap after
{Heap after GC invocations=9 (full 0):
 garbage-first heap   total 71680K, used 23957K [0x0000000742000000, 0x0000000800000000)
  region size 2048K, 2 young (4096K), 2 survivors (4096K)
 Metaspace       used 35529K, committed 35968K, reserved 1114112K
  class space    used 4468K, committed 4672K, reserved 1048576K
}
Event: 8.215 GC heap before
{Heap before GC invocations=10 (full 0):
 garbage-first heap   total 71680K, used 50581K [0x0000000742000000, 0x0000000800000000)
  region size 2048K, 16 young (32768K), 2 survivors (4096K)
 Metaspace       used 43290K, committed 43776K, reserved 1114112K
  class space    used 5641K, committed 5888K, reserved 1048576K
}
Event: 8.222 GC heap after
{Heap after GC invocations=11 (full 0):
 garbage-first heap   total 71680K, used 25827K [0x0000000742000000, 0x0000000800000000)
  region size 2048K, 2 young (4096K), 2 survivors (4096K)
 Metaspace       used 43290K, committed 43776K, reserved 1114112K
  class space    used 5641K, committed 5888K, reserved 1048576K
}
Event: 9.325 GC heap before
{Heap before GC invocations=11 (full 0):
 garbage-first heap   total 71680K, used 54499K [0x0000000742000000, 0x0000000800000000)
  region size 2048K, 16 young (32768K), 2 survivors (4096K)
 Metaspace       used 49214K, committed 49728K, reserved 1114112K
  class space    used 6411K, committed 6656K, reserved 1048576K
}
Event: 9.330 GC heap after
{Heap after GC invocations=12 (full 0):
 garbage-first heap   total 71680K, used 27837K [0x0000000742000000, 0x0000000800000000)
  region size 2048K, 2 young (4096K), 2 survivors (4096K)
 Metaspace       used 49214K, committed 49728K, reserved 1114112K
  class space    used 6411K, committed 6656K, reserved 1048576K
}
Event: 9.911 GC heap before
{Heap before GC invocations=12 (full 0):
 garbage-first heap   total 71680K, used 52413K [0x0000000742000000, 0x0000000800000000)
  region size 2048K, 15 young (30720K), 2 survivors (4096K)
 Metaspace       used 54992K, committed 55488K, reserved 1114112K
  class space    used 7343K, committed 7552K, reserved 1048576K
}
Event: 9.916 GC heap after
{Heap after GC invocations=13 (full 0):
 garbage-first heap   total 71680K, used 28804K [0x0000000742000000, 0x0000000800000000)
  region size 2048K, 2 young (4096K), 2 survivors (4096K)
 Metaspace       used 54992K, committed 55488K, reserved 1114112K
  class space    used 7343K, committed 7552K, reserved 1048576K
}
Event: 10.533 GC heap before
{Heap before GC invocations=13 (full 0):
 garbage-first heap   total 71680K, used 53380K [0x0000000742000000, 0x0000000800000000)
  region size 2048K, 15 young (30720K), 2 survivors (4096K)
 Metaspace       used 58917K, committed 59456K, reserved 1114112K
  class space    used 7928K, committed 8192K, reserved 1048576K
}
Event: 10.538 GC heap after
{Heap after GC invocations=14 (full 0):
 garbage-first heap   total 71680K, used 30311K [0x0000000742000000, 0x0000000800000000)
  region size 2048K, 2 young (4096K), 2 survivors (4096K)
 Metaspace       used 58917K, committed 59456K, reserved 1114112K
  class space    used 7928K, committed 8192K, reserved 1048576K
}
Event: 11.016 GC heap before
{Heap before GC invocations=14 (full 0):
 garbage-first heap   total 71680K, used 36455K [0x0000000742000000, 0x0000000800000000)
  region size 2048K, 6 young (12288K), 2 survivors (4096K)
 Metaspace       used 59983K, committed 60480K, reserved 1114112K
  class space    used 8028K, committed 8256K, reserved 1048576K
}
Event: 11.019 GC heap after
{Heap after GC invocations=15 (full 0):
 garbage-first heap   total 71680K, used 30603K [0x0000000742000000, 0x0000000800000000)
  region size 2048K, 1 young (2048K), 1 survivors (2048K)
 Metaspace       used 59983K, committed 60480K, reserved 1114112K
  class space    used 8028K, committed 8256K, reserved 1048576K
}
Event: 11.712 GC heap before
{Heap before GC invocations=16 (full 0):
 garbage-first heap   total 71680K, used 55179K [0x0000000742000000, 0x0000000800000000)
  region size 2048K, 13 young (26624K), 1 survivors (2048K)
 Metaspace       used 63901K, committed 64448K, reserved 1114112K
  class space    used 8615K, committed 8896K, reserved 1048576K
}
Event: 11.718 GC heap after
{Heap after GC invocations=17 (full 0):
 garbage-first heap   total 71680K, used 32836K [0x0000000742000000, 0x0000000800000000)
  region size 2048K, 2 young (4096K), 2 survivors (4096K)
 Metaspace       used 63901K, committed 64448K, reserved 1114112K
  class space    used 8615K, committed 8896K, reserved 1048576K
}
Event: 11.788 GC heap before
{Heap before GC invocations=17 (full 0):
 garbage-first heap   total 71680K, used 34884K [0x0000000742000000, 0x0000000800000000)
  region size 2048K, 3 young (6144K), 2 survivors (4096K)
 Metaspace       used 64156K, committed 64704K, reserved 1114112K
  class space    used 8648K, committed 8960K, reserved 1048576K
}
Event: 11.794 GC heap after
{Heap after GC invocations=18 (full 0):
 garbage-first heap   total 71680K, used 32913K [0x0000000742000000, 0x0000000800000000)
  region size 2048K, 1 young (2048K), 1 survivors (2048K)
 Metaspace       used 64156K, committed 64704K, reserved 1114112K
  class space    used 8648K, committed 8960K, reserved 1048576K
}
Event: 12.271 GC heap before
{Heap before GC invocations=18 (full 0):
 garbage-first heap   total 71680K, used 55441K [0x0000000742000000, 0x0000000800000000)
  region size 2048K, 12 young (24576K), 1 survivors (2048K)
 Metaspace       used 67897K, committed 68480K, reserved 1114112K
  class space    used 9365K, committed 9664K, reserved 1048576K
}
Event: 12.277 GC heap after
{Heap after GC invocations=19 (full 0):
 garbage-first heap   total 71680K, used 35195K [0x0000000742000000, 0x0000000800000000)
  region size 2048K, 2 young (4096K), 2 survivors (4096K)
 Metaspace       used 67897K, committed 68480K, reserved 1114112K
  class space    used 9365K, committed 9664K, reserved 1048576K
}

